{"D:\\Code\\expenseTracker-transaction-service\\config\\db.js": {"path":"D:\\Code\\expenseTracker-transaction-service\\config\\db.js","statementMap":{"0":{"start":{"line":4,"column":20},"end":{"line":7,"column":2}},"1":{"start":{"line":9,"column":18},"end":{"line":9,"column":58}},"2":{"start":{"line":9,"column":34},"end":{"line":9,"column":58}},"3":{"start":{"line":11,"column":29},"end":{"line":19,"column":1}},"4":{"start":{"line":12,"column":4},"end":{"line":18,"column":5}},"5":{"start":{"line":13,"column":8},"end":{"line":13,"column":29}},"6":{"start":{"line":14,"column":23},"end":{"line":14,"column":55}},"7":{"start":{"line":15,"column":8},"end":{"line":15,"column":76}},"8":{"start":{"line":17,"column":8},"end":{"line":17,"column":56}}},"fnMap":{"0":{"name":"(anonymous_0)","decl":{"start":{"line":9,"column":18},"end":{"line":9,"column":19}},"loc":{"start":{"line":9,"column":34},"end":{"line":9,"column":58}},"line":9},"1":{"name":"(anonymous_1)","decl":{"start":{"line":11,"column":29},"end":{"line":11,"column":30}},"loc":{"start":{"line":11,"column":38},"end":{"line":19,"column":1}},"line":11}},"branchMap":{"0":{"loc":{"start":{"line":6,"column":8},"end":{"line":6,"column":76}},"type":"cond-expr","locations":[{"start":{"line":6,"column":44},"end":{"line":6,"column":70}},{"start":{"line":6,"column":71},"end":{"line":6,"column":76}}],"line":6}},"s":{"0":2,"1":2,"2":0,"3":2,"4":0,"5":0,"6":0,"7":0,"8":0},"f":{"0":0,"1":0},"b":{"0":[0,2]},"inputSourceMap":null,"_coverageSchema":"1a1c01bbd47fc00a2c39e90264f33305004495a9","hash":"e7b7d3a9a5ca63be68b7373524df14a601f16b8d"}
,"D:\\Code\\expenseTracker-transaction-service\\config\\logger.js": {"path":"D:\\Code\\expenseTracker-transaction-service\\config\\logger.js","statementMap":{"0":{"start":{"line":3,"column":21},"end":{"line":3,"column":58}},"1":{"start":{"line":6,"column":18},"end":{"line":16,"column":1}},"2":{"start":{"line":10,"column":18},"end":{"line":10,"column":55}},"3":{"start":{"line":11,"column":8},"end":{"line":13,"column":9}},"4":{"start":{"line":12,"column":12},"end":{"line":12,"column":50}},"5":{"start":{"line":14,"column":8},"end":{"line":14,"column":19}},"6":{"start":{"line":19,"column":19},"end":{"line":23,"column":1}},"7":{"start":{"line":26,"column":22},"end":{"line":37,"column":2}}},"fnMap":{"0":{"name":"(anonymous_0)","decl":{"start":{"line":9,"column":18},"end":{"line":9,"column":19}},"loc":{"start":{"line":9,"column":66},"end":{"line":15,"column":5}},"line":9}},"branchMap":{"0":{"loc":{"start":{"line":11,"column":8},"end":{"line":13,"column":9}},"type":"if","locations":[{"start":{"line":11,"column":8},"end":{"line":13,"column":9}},{"start":{},"end":{}}],"line":11},"1":{"loc":{"start":{"line":27,"column":11},"end":{"line":27,"column":69}},"type":"binary-expr","locations":[{"start":{"line":27,"column":11},"end":{"line":27,"column":32}},{"start":{"line":27,"column":37},"end":{"line":27,"column":68}}],"line":27},"2":{"loc":{"start":{"line":27,"column":37},"end":{"line":27,"column":68}},"type":"cond-expr","locations":[{"start":{"line":27,"column":52},"end":{"line":27,"column":58}},{"start":{"line":27,"column":61},"end":{"line":27,"column":68}}],"line":27},"3":{"loc":{"start":{"line":28,"column":12},"end":{"line":28,"column":49}},"type":"cond-expr","locations":[{"start":{"line":28,"column":27},"end":{"line":28,"column":37}},{"start":{"line":28,"column":40},"end":{"line":28,"column":49}}],"line":28},"4":{"loc":{"start":{"line":31,"column":12},"end":{"line":33,"column":16}},"type":"cond-expr","locations":[{"start":{"line":32,"column":14},"end":{"line":32,"column":83}},{"start":{"line":33,"column":14},"end":{"line":33,"column":16}}],"line":31}},"s":{"0":2,"1":2,"2":0,"3":0,"4":0,"5":0,"6":2,"7":2},"f":{"0":0},"b":{"0":[0,0],"1":[2,2],"2":[0,2],"3":[0,2],"4":[0,2]},"inputSourceMap":null,"_coverageSchema":"1a1c01bbd47fc00a2c39e90264f33305004495a9","hash":"85d8ebe778446f25057f7796361bcaec9044091d"}
,"D:\\Code\\expenseTracker-transaction-service\\src\\models\\Transactions.js": {"path":"D:\\Code\\expenseTracker-transaction-service\\src\\models\\Transactions.js","statementMap":{"0":{"start":{"line":4,"column":18},"end":{"line":7,"column":5}},"1":{"start":{"line":8,"column":18},"end":{"line":14,"column":5}},"2":{"start":{"line":15,"column":18},"end":{"line":15,"column":41}},"3":{"start":{"line":16,"column":4},"end":{"line":16,"column":19}},"4":{"start":{"line":20,"column":19},"end":{"line":20,"column":33}},"5":{"start":{"line":21,"column":18},"end":{"line":27,"column":5}},"6":{"start":{"line":28,"column":19},"end":{"line":30,"column":5}},"7":{"start":{"line":31,"column":19},"end":{"line":31,"column":42}},"8":{"start":{"line":32,"column":4},"end":{"line":32,"column":16}}},"fnMap":{"0":{"name":"insert","decl":{"start":{"line":3,"column":22},"end":{"line":3,"column":28}},"loc":{"start":{"line":3,"column":41},"end":{"line":17,"column":1}},"line":3},"1":{"name":"findByUserId","decl":{"start":{"line":19,"column":22},"end":{"line":19,"column":34}},"loc":{"start":{"line":19,"column":93},"end":{"line":33,"column":1}},"line":19}},"branchMap":{},"s":{"0":0,"1":0,"2":0,"3":0,"4":0,"5":0,"6":0,"7":0,"8":0},"f":{"0":0,"1":0},"b":{},"inputSourceMap":null,"_coverageSchema":"1a1c01bbd47fc00a2c39e90264f33305004495a9","hash":"12f80e02240ac2608bfa895b6a6cb7137489b9a5"}
,"D:\\Code\\expenseTracker-transaction-service\\src\\service\\transactionService.js": {"path":"D:\\Code\\expenseTracker-transaction-service\\src\\service\\transactionService.js","statementMap":{"0":{"start":{"line":11,"column":4},"end":{"line":11,"column":88}},"1":{"start":{"line":15,"column":56},"end":{"line":15,"column":63}},"2":{"start":{"line":17,"column":8},"end":{"line":17,"column":64}},"3":{"start":{"line":19,"column":20},"end":{"line":28,"column":13}},"4":{"start":{"line":31,"column":8},"end":{"line":33,"column":9}},"5":{"start":{"line":32,"column":12},"end":{"line":32,"column":70}},"6":{"start":{"line":36,"column":8},"end":{"line":38,"column":9}},"7":{"start":{"line":37,"column":12},"end":{"line":37,"column":59}},"8":{"start":{"line":41,"column":8},"end":{"line":43,"column":9}},"9":{"start":{"line":42,"column":12},"end":{"line":42,"column":87}},"10":{"start":{"line":46,"column":8},"end":{"line":48,"column":9}},"11":{"start":{"line":47,"column":12},"end":{"line":47,"column":72}},"12":{"start":{"line":49,"column":8},"end":{"line":51,"column":9}},"13":{"start":{"line":50,"column":12},"end":{"line":50,"column":70}},"14":{"start":{"line":53,"column":27},"end":{"line":53,"column":76}},"15":{"start":{"line":56,"column":8},"end":{"line":56,"column":101}},"16":{"start":{"line":58,"column":8},"end":{"line":58,"column":26}},"17":{"start":{"line":61,"column":4},"end":{"line":78,"column":17}},"18":{"start":{"line":84,"column":4},"end":{"line":98,"column":5}},"19":{"start":{"line":85,"column":23},"end":{"line":94,"column":10}},"20":{"start":{"line":95,"column":8},"end":{"line":95,"column":22}},"21":{"start":{"line":97,"column":8},"end":{"line":97,"column":69}},"22":{"start":{"line":113,"column":14},"end":{"line":113,"column":40}},"23":{"start":{"line":115,"column":2},"end":{"line":179,"column":3}},"24":{"start":{"line":119,"column":29},"end":{"line":121,"column":14}},"25":{"start":{"line":123,"column":4},"end":{"line":131,"column":5}},"26":{"start":{"line":124,"column":6},"end":{"line":124,"column":48}},"27":{"start":{"line":126,"column":28},"end":{"line":128,"column":23}},"28":{"start":{"line":130,"column":6},"end":{"line":130,"column":43}},"29":{"start":{"line":134,"column":26},"end":{"line":147,"column":21}},"30":{"start":{"line":150,"column":25},"end":{"line":164,"column":5}},"31":{"start":{"line":167,"column":4},"end":{"line":171,"column":7}},"32":{"start":{"line":173,"column":4},"end":{"line":173,"column":23}},"33":{"start":{"line":175,"column":4},"end":{"line":175,"column":23}},"34":{"start":{"line":177,"column":4},"end":{"line":177,"column":25}},"35":{"start":{"line":178,"column":4},"end":{"line":178,"column":14}},"36":{"start":{"line":184,"column":16},"end":{"line":184,"column":42}},"37":{"start":{"line":186,"column":4},"end":{"line":223,"column":5}},"38":{"start":{"line":187,"column":23},"end":{"line":197,"column":27}},"39":{"start":{"line":199,"column":12},"end":{"line":214,"column":15}},"40":{"start":{"line":217,"column":8},"end":{"line":217,"column":27}},"41":{"start":{"line":218,"column":8},"end":{"line":218,"column":25}},"42":{"start":{"line":221,"column":8},"end":{"line":221,"column":29}},"43":{"start":{"line":222,"column":8},"end":{"line":222,"column":18}},"44":{"start":{"line":235,"column":16},"end":{"line":235,"column":42}},"45":{"start":{"line":236,"column":4},"end":{"line":277,"column":5}},"46":{"start":{"line":237,"column":23},"end":{"line":247,"column":23}},"47":{"start":{"line":249,"column":8},"end":{"line":270,"column":11}},"48":{"start":{"line":271,"column":8},"end":{"line":271,"column":27}},"49":{"start":{"line":272,"column":8},"end":{"line":272,"column":25}},"50":{"start":{"line":275,"column":8},"end":{"line":275,"column":29}},"51":{"start":{"line":276,"column":8},"end":{"line":276,"column":18}},"52":{"start":{"line":281,"column":16},"end":{"line":281,"column":42}},"53":{"start":{"line":282,"column":4},"end":{"line":290,"column":5}},"54":{"start":{"line":283,"column":23},"end":{"line":285,"column":53}},"55":{"start":{"line":286,"column":8},"end":{"line":286,"column":21}},"56":{"start":{"line":288,"column":8},"end":{"line":288,"column":29}},"57":{"start":{"line":289,"column":8},"end":{"line":289,"column":18}}},"fnMap":{"0":{"name":"getTransactionsByUser","decl":{"start":{"line":10,"column":22},"end":{"line":10,"column":43}},"loc":{"start":{"line":10,"column":101},"end":{"line":12,"column":1}},"line":10},"1":{"name":"knexSelect","decl":{"start":{"line":13,"column":26},"end":{"line":13,"column":36}},"loc":{"start":{"line":13,"column":59},"end":{"line":59,"column":5}},"line":13},"2":{"name":"getchOneTransactionService","decl":{"start":{"line":60,"column":22},"end":{"line":60,"column":48}},"loc":{"start":{"line":60,"column":83},"end":{"line":79,"column":1}},"line":60},"3":{"name":"createTable","decl":{"start":{"line":83,"column":22},"end":{"line":83,"column":33}},"loc":{"start":{"line":83,"column":36},"end":{"line":99,"column":1}},"line":83},"4":{"name":"checkCategoryTableAndAddTransaction","decl":{"start":{"line":101,"column":22},"end":{"line":101,"column":57}},"loc":{"start":{"line":112,"column":2},"end":{"line":180,"column":1}},"line":112},"5":{"name":"deleteTransactionService","decl":{"start":{"line":183,"column":22},"end":{"line":183,"column":46}},"loc":{"start":{"line":183,"column":95},"end":{"line":224,"column":1}},"line":183},"6":{"name":"updateTransactionService","decl":{"start":{"line":228,"column":22},"end":{"line":228,"column":46}},"loc":{"start":{"line":234,"column":2},"end":{"line":278,"column":1}},"line":234},"7":{"name":"getCategoryId","decl":{"start":{"line":280,"column":22},"end":{"line":280,"column":35}},"loc":{"start":{"line":280,"column":50},"end":{"line":291,"column":1}},"line":280}},"branchMap":{"0":{"loc":{"start":{"line":13,"column":45},"end":{"line":13,"column":57}},"type":"default-arg","locations":[{"start":{"line":13,"column":55},"end":{"line":13,"column":57}}],"line":13},"1":{"loc":{"start":{"line":31,"column":8},"end":{"line":33,"column":9}},"type":"if","locations":[{"start":{"line":31,"column":8},"end":{"line":33,"column":9}},{"start":{},"end":{}}],"line":31},"2":{"loc":{"start":{"line":31,"column":12},"end":{"line":31,"column":44}},"type":"binary-expr","locations":[{"start":{"line":31,"column":12},"end":{"line":31,"column":21}},{"start":{"line":31,"column":25},"end":{"line":31,"column":44}}],"line":31},"3":{"loc":{"start":{"line":36,"column":8},"end":{"line":38,"column":9}},"type":"if","locations":[{"start":{"line":36,"column":8},"end":{"line":38,"column":9}},{"start":{},"end":{}}],"line":36},"4":{"loc":{"start":{"line":36,"column":12},"end":{"line":36,"column":77}},"type":"binary-expr","locations":[{"start":{"line":36,"column":12},"end":{"line":36,"column":16}},{"start":{"line":36,"column":20},"end":{"line":36,"column":34}},{"start":{"line":36,"column":39},"end":{"line":36,"column":55}},{"start":{"line":36,"column":59},"end":{"line":36,"column":76}}],"line":36},"5":{"loc":{"start":{"line":41,"column":8},"end":{"line":43,"column":9}},"type":"if","locations":[{"start":{"line":41,"column":8},"end":{"line":43,"column":9}},{"start":{},"end":{}}],"line":41},"6":{"loc":{"start":{"line":41,"column":12},"end":{"line":41,"column":42}},"type":"binary-expr","locations":[{"start":{"line":41,"column":12},"end":{"line":41,"column":20}},{"start":{"line":41,"column":24},"end":{"line":41,"column":42}}],"line":41},"7":{"loc":{"start":{"line":46,"column":8},"end":{"line":48,"column":9}},"type":"if","locations":[{"start":{"line":46,"column":8},"end":{"line":48,"column":9}},{"start":{},"end":{}}],"line":46},"8":{"loc":{"start":{"line":49,"column":8},"end":{"line":51,"column":9}},"type":"if","locations":[{"start":{"line":49,"column":8},"end":{"line":51,"column":9}},{"start":{},"end":{}}],"line":49},"9":{"loc":{"start":{"line":123,"column":4},"end":{"line":131,"column":5}},"type":"if","locations":[{"start":{"line":123,"column":4},"end":{"line":131,"column":5}},{"start":{"line":125,"column":11},"end":{"line":131,"column":5}}],"line":123},"10":{"loc":{"start":{"line":264,"column":28},"end":{"line":264,"column":67}},"type":"binary-expr","locations":[{"start":{"line":264,"column":28},"end":{"line":264,"column":48}},{"start":{"line":264,"column":52},"end":{"line":264,"column":67}}],"line":264},"11":{"loc":{"start":{"line":265,"column":26},"end":{"line":265,"column":61}},"type":"binary-expr","locations":[{"start":{"line":265,"column":26},"end":{"line":265,"column":44}},{"start":{"line":265,"column":48},"end":{"line":265,"column":61}}],"line":265}},"s":{"0":0,"1":0,"2":0,"3":0,"4":0,"5":0,"6":0,"7":0,"8":0,"9":0,"10":0,"11":0,"12":0,"13":0,"14":0,"15":0,"16":0,"17":0,"18":0,"19":0,"20":0,"21":0,"22":9,"23":9,"24":9,"25":8,"26":4,"27":4,"28":4,"29":8,"30":7,"31":7,"32":7,"33":7,"34":2,"35":2,"36":3,"37":3,"38":3,"39":3,"40":3,"41":3,"42":0,"43":0,"44":3,"45":3,"46":3,"47":3,"48":3,"49":3,"50":0,"51":0,"52":0,"53":0,"54":0,"55":0,"56":0,"57":0},"f":{"0":0,"1":0,"2":0,"3":0,"4":9,"5":3,"6":3,"7":0},"b":{"0":[0],"1":[0,0],"2":[0,0],"3":[0,0],"4":[0,0,0,0],"5":[0,0],"6":[0,0],"7":[0,0],"8":[0,0],"9":[4,4],"10":[3,0],"11":[3,3]},"inputSourceMap":null,"_coverageSchema":"1a1c01bbd47fc00a2c39e90264f33305004495a9","hash":"2372cf380c1ad6ba78b07b0c2bbb27078c6fb9ff"}
,"D:\\Code\\expenseTracker-transaction-service\\test-utils\\testDB.js": {"path":"D:\\Code\\expenseTracker-transaction-service\\test-utils\\testDB.js","statementMap":{"0":{"start":{"line":8,"column":2},"end":{"line":16,"column":13}},"1":{"start":{"line":18,"column":15},"end":{"line":18,"column":44}},"2":{"start":{"line":19,"column":15},"end":{"line":19,"column":34}},"3":{"start":{"line":21,"column":21},"end":{"line":27,"column":3}},"4":{"start":{"line":29,"column":2},"end":{"line":36,"column":5}},"5":{"start":{"line":39,"column":2},"end":{"line":39,"column":27}},"6":{"start":{"line":42,"column":2},"end":{"line":42,"column":60}},"7":{"start":{"line":44,"column":2},"end":{"line":48,"column":5}},"8":{"start":{"line":45,"column":4},"end":{"line":45,"column":27}},"9":{"start":{"line":46,"column":4},"end":{"line":46,"column":22}},"10":{"start":{"line":47,"column":4},"end":{"line":47,"column":30}},"11":{"start":{"line":50,"column":2},"end":{"line":53,"column":5}},"12":{"start":{"line":51,"column":4},"end":{"line":51,"column":42}},"13":{"start":{"line":52,"column":4},"end":{"line":52,"column":21}},"14":{"start":{"line":55,"column":2},"end":{"line":70,"column":5}},"15":{"start":{"line":56,"column":4},"end":{"line":56,"column":66}},"16":{"start":{"line":57,"column":4},"end":{"line":57,"column":22}},"17":{"start":{"line":58,"column":4},"end":{"line":58,"column":25}},"18":{"start":{"line":59,"column":4},"end":{"line":59,"column":29}},"19":{"start":{"line":60,"column":4},"end":{"line":60,"column":24}},"20":{"start":{"line":61,"column":4},"end":{"line":61,"column":21}},"21":{"start":{"line":62,"column":4},"end":{"line":62,"column":26}},"22":{"start":{"line":63,"column":4},"end":{"line":63,"column":24}},"23":{"start":{"line":64,"column":4},"end":{"line":64,"column":31}},"24":{"start":{"line":65,"column":4},"end":{"line":65,"column":27}},"25":{"start":{"line":66,"column":4},"end":{"line":66,"column":28}},"26":{"start":{"line":67,"column":4},"end":{"line":67,"column":30}},"27":{"start":{"line":68,"column":4},"end":{"line":68,"column":30}},"28":{"start":{"line":69,"column":4},"end":{"line":69,"column":43}},"29":{"start":{"line":72,"column":2},"end":{"line":77,"column":5}},"30":{"start":{"line":73,"column":4},"end":{"line":73,"column":23}},"31":{"start":{"line":74,"column":4},"end":{"line":74,"column":27}},"32":{"start":{"line":75,"column":4},"end":{"line":75,"column":23}},"33":{"start":{"line":76,"column":4},"end":{"line":76,"column":23}},"34":{"start":{"line":79,"column":2},"end":{"line":79,"column":12}},"35":{"start":{"line":83,"column":2},"end":{"line":83,"column":29}},"36":{"start":{"line":83,"column":10},"end":{"line":83,"column":29}},"37":{"start":{"line":84,"column":2},"end":{"line":84,"column":40}},"38":{"start":{"line":84,"column":17},"end":{"line":84,"column":40}}},"fnMap":{"0":{"name":"startTestDB","decl":{"start":{"line":7,"column":22},"end":{"line":7,"column":33}},"loc":{"start":{"line":7,"column":36},"end":{"line":80,"column":1}},"line":7},"1":{"name":"(anonymous_1)","decl":{"start":{"line":44,"column":42},"end":{"line":44,"column":43}},"loc":{"start":{"line":44,"column":49},"end":{"line":48,"column":3}},"line":44},"2":{"name":"(anonymous_2)","decl":{"start":{"line":50,"column":56},"end":{"line":50,"column":57}},"loc":{"start":{"line":50,"column":63},"end":{"line":53,"column":3}},"line":50},"3":{"name":"(anonymous_3)","decl":{"start":{"line":55,"column":46},"end":{"line":55,"column":47}},"loc":{"start":{"line":55,"column":53},"end":{"line":70,"column":3}},"line":55},"4":{"name":"(anonymous_4)","decl":{"start":{"line":72,"column":47},"end":{"line":72,"column":48}},"loc":{"start":{"line":72,"column":54},"end":{"line":77,"column":3}},"line":72},"5":{"name":"stopTestDB","decl":{"start":{"line":82,"column":22},"end":{"line":82,"column":32}},"loc":{"start":{"line":82,"column":35},"end":{"line":85,"column":1}},"line":82}},"branchMap":{"0":{"loc":{"start":{"line":83,"column":2},"end":{"line":83,"column":29}},"type":"if","locations":[{"start":{"line":83,"column":2},"end":{"line":83,"column":29}},{"start":{},"end":{}}],"line":83},"1":{"loc":{"start":{"line":84,"column":2},"end":{"line":84,"column":40}},"type":"if","locations":[{"start":{"line":84,"column":2},"end":{"line":84,"column":40}},{"start":{},"end":{}}],"line":84}},"s":{"0":1,"1":1,"2":1,"3":1,"4":1,"5":1,"6":1,"7":1,"8":1,"9":1,"10":1,"11":1,"12":1,"13":1,"14":1,"15":1,"16":1,"17":1,"18":1,"19":1,"20":1,"21":1,"22":1,"23":1,"24":1,"25":1,"26":1,"27":1,"28":1,"29":1,"30":1,"31":1,"32":1,"33":1,"34":1,"35":1,"36":1,"37":1,"38":1},"f":{"0":1,"1":1,"2":1,"3":1,"4":1,"5":1},"b":{"0":[1,0],"1":[1,0]},"inputSourceMap":null,"_coverageSchema":"1a1c01bbd47fc00a2c39e90264f33305004495a9","hash":"b7dbf76c1903c0be816d72fcb20c7ab64954bbcb"}
}
