TN:
SF:config\db.js
FN:9,(anonymous_0)
FN:11,(anonymous_1)
FNF:2
FNH:0
FNDA:0,(anonymous_0)
FNDA:0,(anonymous_1)
DA:4,2
DA:9,2
DA:11,2
DA:12,0
DA:13,0
DA:14,0
DA:15,0
DA:17,0
LF:8
LH:3
BRDA:6,0,0,0
BRDA:6,0,1,2
BRF:2
BRH:1
end_of_record
TN:
SF:config\logger.js
FN:9,(anonymous_0)
FNF:1
FNH:0
FNDA:0,(anonymous_0)
DA:3,2
DA:6,2
DA:10,0
DA:11,0
DA:12,0
DA:14,0
DA:19,2
DA:26,2
LF:8
LH:4
BRDA:11,0,0,0
BRDA:11,0,1,0
BRDA:27,1,0,2
BRDA:27,1,1,2
BRDA:27,2,0,0
BRDA:27,2,1,2
BRDA:28,3,0,0
BRDA:28,3,1,2
BRDA:31,4,0,0
BRDA:31,4,1,2
BRF:10
BRH:5
end_of_record
TN:
SF:src\models\Transactions.js
FN:3,insert
FN:19,findByUserId
FNF:2
FNH:0
FNDA:0,insert
FNDA:0,findByUserId
DA:4,0
DA:8,0
DA:15,0
DA:16,0
DA:20,0
DA:21,0
DA:28,0
DA:31,0
DA:32,0
LF:9
LH:0
BRF:0
BRH:0
end_of_record
TN:
SF:src\service\transactionService.js
FN:10,getTransactionsByUser
FN:13,knexSelect
FN:60,getchOneTransactionService
FN:83,createTable
FN:101,checkCategoryTableAndAddTransaction
FN:183,deleteTransactionService
FN:228,updateTransactionService
FN:280,getCategoryId
FNF:8
FNH:3
FNDA:0,getTransactionsByUser
FNDA:0,knexSelect
FNDA:0,getchOneTransactionService
FNDA:0,createTable
FNDA:9,checkCategoryTableAndAddTransaction
FNDA:3,deleteTransactionService
FNDA:3,updateTransactionService
FNDA:0,getCategoryId
DA:11,0
DA:15,0
DA:17,0
DA:19,0
DA:31,0
DA:32,0
DA:36,0
DA:37,0
DA:41,0
DA:42,0
DA:46,0
DA:47,0
DA:49,0
DA:50,0
DA:53,0
DA:56,0
DA:58,0
DA:61,0
DA:84,0
DA:85,0
DA:95,0
DA:97,0
DA:113,9
DA:115,9
DA:119,9
DA:123,8
DA:124,4
DA:126,4
DA:130,4
DA:134,8
DA:150,7
DA:167,7
DA:173,7
DA:175,7
DA:177,2
DA:178,2
DA:184,3
DA:186,3
DA:187,3
DA:199,3
DA:217,3
DA:218,3
DA:221,0
DA:222,0
DA:235,3
DA:236,3
DA:237,3
DA:249,3
DA:271,3
DA:272,3
DA:275,0
DA:276,0
DA:281,0
DA:282,0
DA:283,0
DA:286,0
DA:288,0
DA:289,0
LF:58
LH:26
BRDA:13,0,0,0
BRDA:31,1,0,0
BRDA:31,1,1,0
BRDA:31,2,0,0
BRDA:31,2,1,0
BRDA:36,3,0,0
BRDA:36,3,1,0
BRDA:36,4,0,0
BRDA:36,4,1,0
BRDA:36,4,2,0
BRDA:36,4,3,0
BRDA:41,5,0,0
BRDA:41,5,1,0
BRDA:41,6,0,0
BRDA:41,6,1,0
BRDA:46,7,0,0
BRDA:46,7,1,0
BRDA:49,8,0,0
BRDA:49,8,1,0
BRDA:123,9,0,4
BRDA:123,9,1,4
BRDA:264,10,0,3
BRDA:264,10,1,0
BRDA:265,11,0,3
BRDA:265,11,1,3
BRF:25
BRH:5
end_of_record
TN:
SF:test-utils\testDB.js
FN:7,startTestDB
FN:44,(anonymous_1)
FN:50,(anonymous_2)
FN:55,(anonymous_3)
FN:72,(anonymous_4)
FN:82,stopTestDB
FNF:6
FNH:6
FNDA:1,startTestDB
FNDA:1,(anonymous_1)
FNDA:1,(anonymous_2)
FNDA:1,(anonymous_3)
FNDA:1,(anonymous_4)
FNDA:1,stopTestDB
DA:8,1
DA:18,1
DA:19,1
DA:21,1
DA:29,1
DA:39,1
DA:42,1
DA:44,1
DA:45,1
DA:46,1
DA:47,1
DA:50,1
DA:51,1
DA:52,1
DA:55,1
DA:56,1
DA:57,1
DA:58,1
DA:59,1
DA:60,1
DA:61,1
DA:62,1
DA:63,1
DA:64,1
DA:65,1
DA:66,1
DA:67,1
DA:68,1
DA:69,1
DA:72,1
DA:73,1
DA:74,1
DA:75,1
DA:76,1
DA:79,1
DA:83,1
DA:84,1
LF:37
LH:37
BRDA:83,0,0,1
BRDA:83,0,1,0
BRDA:84,1,0,1
BRDA:84,1,1,0
BRF:4
BRH:2
end_of_record
