TN:
SF:config\db.js
FN:9,(anonymous_0)
FN:11,(anonymous_1)
FNF:2
FNH:0
FNDA:0,(anonymous_0)
FNDA:0,(anonymous_1)
DA:4,2
DA:9,2
DA:11,2
DA:12,0
DA:13,0
DA:14,0
DA:15,0
DA:17,0
LF:8
LH:3
BRDA:6,0,0,0
BRDA:6,0,1,2
BRF:2
BRH:1
end_of_record
TN:
SF:config\knex.js
FNF:0
FNH:0
DA:3,1
LF:1
LH:1
BRF:0
BRH:0
end_of_record
TN:
SF:config\logger.js
FN:9,(anonymous_0)
FNF:1
FNH:0
FNDA:0,(anonymous_0)
DA:3,2
DA:6,2
DA:10,0
DA:11,0
DA:12,0
DA:14,0
DA:19,2
DA:26,2
LF:8
LH:4
BRDA:11,0,0,0
BRDA:11,0,1,0
BRDA:27,1,0,2
BRDA:27,1,1,2
BRDA:27,2,0,0
BRDA:27,2,1,2
BRDA:28,3,0,0
BRDA:28,3,1,2
BRDA:31,4,0,0
BRDA:31,4,1,2
BRF:10
BRH:5
end_of_record
TN:
SF:src\models\Transactions.js
FN:3,insert
FN:19,findByUserId
FNF:2
FNH:0
FNDA:0,insert
FNDA:0,findByUserId
DA:4,0
DA:8,0
DA:15,0
DA:16,0
DA:20,0
DA:21,0
DA:28,0
DA:31,0
DA:32,0
LF:9
LH:0
BRF:0
BRH:0
end_of_record
TN:
SF:src\service\transactionService.js
FN:10,getTransactionsByUser
FN:13,knexSelect
FN:60,getchOneTransactionService
FN:83,createTable
FN:101,checkCategoryTableAndAddTransaction
FN:183,deleteTransactionService
FN:228,updateTransactionService
FN:280,getCategoryId
FNF:8
FNH:3
FNDA:0,getTransactionsByUser
FNDA:0,knexSelect
FNDA:0,getchOneTransactionService
FNDA:0,createTable
FNDA:9,checkCategoryTableAndAddTransaction
FNDA:3,deleteTransactionService
FNDA:3,updateTransactionService
FNDA:0,getCategoryId
DA:11,0
DA:15,0
DA:17,0
DA:19,0
DA:31,0
DA:32,0
DA:36,0
DA:37,0
DA:41,0
DA:42,0
DA:46,0
DA:47,0
DA:49,0
DA:50,0
DA:53,0
DA:56,0
DA:58,0
DA:61,0
DA:84,0
DA:85,0
DA:95,0
DA:97,0
DA:113,9
DA:115,9
DA:119,9
DA:123,8
DA:124,4
DA:126,4
DA:130,4
DA:134,8
DA:150,7
DA:167,7
DA:173,7
DA:175,7
DA:177,2
DA:178,2
DA:184,3
DA:186,3
DA:187,3
DA:199,3
DA:217,3
DA:218,3
DA:221,0
DA:222,0
DA:235,3
DA:236,3
DA:237,3
DA:249,3
DA:271,3
DA:272,3
DA:275,0
DA:276,0
DA:281,0
DA:282,0
DA:283,0
DA:286,0
DA:288,0
DA:289,0
LF:58
LH:26
BRDA:13,0,0,0
BRDA:31,1,0,0
BRDA:31,1,1,0
BRDA:31,2,0,0
BRDA:31,2,1,0
BRDA:36,3,0,0
BRDA:36,3,1,0
BRDA:36,4,0,0
BRDA:36,4,1,0
BRDA:36,4,2,0
BRDA:36,4,3,0
BRDA:41,5,0,0
BRDA:41,5,1,0
BRDA:41,6,0,0
BRDA:41,6,1,0
BRDA:46,7,0,0
BRDA:46,7,1,0
BRDA:49,8,0,0
BRDA:49,8,1,0
BRDA:123,9,0,4
BRDA:123,9,1,4
BRDA:264,10,0,3
BRDA:264,10,1,0
BRDA:265,11,0,3
BRDA:265,11,1,3
BRF:25
BRH:5
end_of_record
TN:
SF:test-utils\kafkaTest.js
FN:9,startKafka
FN:49,stopKafka
FNF:2
FNH:2
FNDA:1,startKafka
FNDA:1,stopKafka
DA:11,1
DA:14,1
DA:15,1
DA:17,1
DA:19,1
DA:24,1
DA:25,1
DA:27,1
DA:28,1
DA:31,1
DA:32,1
DA:34,1
DA:44,1
DA:46,1
DA:50,1
DA:51,1
DA:52,1
LF:17
LH:17
BRDA:50,0,0,1
BRDA:50,0,1,0
BRDA:51,1,0,1
BRDA:51,1,1,0
BRDA:52,2,0,1
BRDA:52,2,1,0
BRF:6
BRH:3
end_of_record
TN:
SF:test-utils\testDB.js
FN:7,startTestDB
FN:44,(anonymous_1)
FN:50,(anonymous_2)
FN:55,(anonymous_3)
FN:72,(anonymous_4)
FN:85,(anonymous_5)
FN:96,stopTestDB
FNF:7
FNH:7
FNDA:2,startTestDB
FNDA:2,(anonymous_1)
FNDA:2,(anonymous_2)
FNDA:2,(anonymous_3)
FNDA:2,(anonymous_4)
FNDA:2,(anonymous_5)
FNDA:2,stopTestDB
DA:8,2
DA:18,2
DA:19,2
DA:21,2
DA:29,2
DA:39,2
DA:42,2
DA:44,2
DA:45,2
DA:46,2
DA:47,2
DA:50,2
DA:51,2
DA:52,2
DA:55,2
DA:56,2
DA:57,2
DA:58,2
DA:59,2
DA:60,2
DA:61,2
DA:62,2
DA:63,2
DA:64,2
DA:65,2
DA:66,2
DA:67,2
DA:68,2
DA:69,2
DA:72,2
DA:73,2
DA:74,2
DA:75,2
DA:76,2
DA:77,2
DA:78,2
DA:79,2
DA:81,2
DA:82,2
DA:85,2
DA:86,2
DA:87,2
DA:88,2
DA:89,2
DA:90,2
DA:93,2
DA:97,2
DA:98,2
LF:48
LH:48
BRDA:97,0,0,2
BRDA:97,0,1,0
BRDA:98,1,0,2
BRDA:98,1,1,0
BRF:4
BRH:2
end_of_record
TN:
SF:workers\outboxPublisher.js
FN:94,getNextRetryTime
FN:99,(anonymous_1)
FN:99,(anonymous_2)
FN:101,(anonymous_3)
FN:251,(anonymous_4)
FNF:5
FNH:1
FNDA:0,getNextRetryTime
FNDA:0,(anonymous_1)
FNDA:0,(anonymous_2)
FNDA:0,(anonymous_3)
FNDA:1,(anonymous_4)
DA:91,1
DA:92,1
DA:95,0
DA:96,0
DA:99,1
DA:101,1
DA:102,0
DA:103,0
DA:105,0
DA:106,0
DA:107,0
DA:113,0
DA:114,0
DA:115,0
DA:117,0
DA:132,0
DA:139,0
DA:142,0
DA:144,0
DA:146,0
DA:147,0
DA:153,0
DA:161,0
DA:164,0
DA:176,0
DA:179,0
DA:251,1
DA:252,1
DA:257,1
DA:259,1
DA:263,1
DA:278,1
LF:32
LH:10
BRDA:121,0,0,0
BRDA:121,0,1,0
BRDA:142,1,0,0
BRDA:142,1,1,0
BRDA:146,2,0,0
BRDA:146,2,1,0
BRDA:259,3,0,0
BRDA:259,3,1,1
BRDA:267,4,0,1
BRDA:267,4,1,0
BRF:10
BRH:2
end_of_record
